<?xml version="1.0" encoding="UTF-8"?>
<testng-results ignored="0" total="2" passed="2" failed="0" skipped="0">
  <reporter-output>
  </reporter-output>
  <suite started-at="2024-08-17T14:42:59 IST" name="Default suite" finished-at="2024-08-17T14:43:12 IST" duration-ms="12408">
    <groups>
    </groups>
    <test started-at="2024-08-17T14:42:59 IST" name="Default test" finished-at="2024-08-17T14:43:12 IST" duration-ms="12408">
      <class name="addWishlist.Chezuba">
        <test-method signature="setupDriver()[pri:0, instance:addWishlist.Chezuba@1283bb96]" started-at="2024-08-17T14:42:59 IST" name="setupDriver" finished-at="2024-08-17T14:43:08 IST" duration-ms="8744" status="PASS">
          <reporter-output>
          </reporter-output>
        </test-method> <!-- setupDriver -->
        <test-method signature="test01()[pri:0, instance:addWishlist.Chezuba@1283bb96]" started-at="2024-08-17T14:43:08 IST" name="test01" finished-at="2024-08-17T14:43:12 IST" duration-ms="3569" status="PASS">
          <reporter-output>
          </reporter-output>
        </test-method> <!-- test01 -->
      </class> <!-- addWishlist.Chezuba -->
    </test> <!-- Default test -->
  </suite> <!-- Default suite -->
</testng-results>
